current directory: /Users/Yakushi/projects/rails/chat-space/th-mysql-config=/usr/local/mysql/bin/mysql_config/gems/mysql2-0.4.5/ext/mysql2
/Users/Yakushi/.rbenv/versions/2.3.1/bin/ruby -r ./siteconf20161023-35054-1rcxtbt.rb extconf.rb
checking for rb_absint_size()... yes
checking for rb_absint_singlebit_p()... yes
checking for ruby/thread.h... yes
checking for rb_thread_call_without_gvl() in ruby/thread.h... yes
checking for rb_thread_blocking_region()... no
checking for rb_wait_for_single_fd()... yes
checking for rb_hash_dup()... yes
checking for rb_intern3()... yes
checking for rb_big_cmp()... yes
-----
Using mysql_config at /usr/local/bin/mysql_config
-----
checking for mysql.h... yes
checking for SSL_MODE_DISABLED in mysql.h... no
checking for MYSQL_OPT_SSL_ENFORCE in mysql.h... no
checking for errmsg.h... yes
checking for mysqld_error.h... yes
-----
Setting rpath to /usr/local/Cellar/mysql56/5.6.32/lib
-----
creating Makefile

To see why this extension failed to compile, please check the mkmf.log which can be found here:

  /Users/Yakushi/projects/rails/chat-space/th-mysql-config=/usr/local/mysql/bin/mysql_config/extensions/x86_64-darwin-16/2.3.0-static/mysql2-0.4.5/mkmf.log

current directory: /Users/Yakushi/projects/rails/chat-space/th-mysql-config=/usr/local/mysql/bin/mysql_config/gems/mysql2-0.4.5/ext/mysql2
make "DESTDIR=" clean

current directory: /Users/Yakushi/projects/rails/chat-space/th-mysql-config=/usr/local/mysql/bin/mysql_config/gems/mysql2-0.4.5/ext/mysql2
make "DESTDIR="
compiling client.c
compiling infile.c
compiling mysql2_ext.c
compiling result.c
compiling statement.c
linking shared-object mysql2/mysql2.bundle

current directory: /Users/Yakushi/projects/rails/chat-space/th-mysql-config=/usr/local/mysql/bin/mysql_config/gems/mysql2-0.4.5/ext/mysql2
make "DESTDIR=" install
/usr/bin/install -c -m 0755 mysql2.bundle ./.gem.20161023-35054-2qsey9/mysql2
